INFO:root:Found person at: 2020-12-06 00:39:09.989107 inside rectangle: 222,117, 264, 267 mean average colour of clothing: [122.16730159 122.38380952 116.28984127]
INFO:root:Found person at: 2020-12-06 00:39:09.990105 inside rectangle: 73,107, 118, 270 mean average colour of clothing: [138.36735254 122.418107   112.71358025]
INFO:root:Found person at: 2020-12-06 00:39:10.433782 inside rectangle: 134,112, 163, 198 mean average colour of clothing: [109.27185245 117.24137931 113.18684844]
INFO:root:Found person at: 2020-12-06 00:39:10.514080 inside rectangle: 144,151, 192, 343 mean average colour of clothing: [90.18988715 88.93402778 83.96223958]
INFO:root:Found person at: 2020-12-06 00:39:12.171097 inside rectangle: 148,164, 220, 357 mean average colour of clothing: [120.09968171 121.22540509 116.95066551]
INFO:root:Found person at: 2020-12-06 00:39:28.701228 inside rectangle: 54,117, 85, 230 mean average colour of clothing: [104.94815668  98.93605991 114.12845622]
INFO:root:Found person at: 2020-12-06 00:39:35.457327 inside rectangle: 77,107, 116, 232 mean average colour of clothing: [128.34739454 121.55624483 129.87551696]
INFO:root:Found person at: 0m0.03333333333333333s with center coordinates: coordy and average color of clothing: [122.16730159 122.38380952 116.28984127] classified as color 
INFO:root:Found person at: 0m0.03333333333333333s with center coordinates: coordy and average color of clothing: [138.36735254 122.418107   112.71358025] classified as color 
INFO:root:Found person at: 0m0.03333333333333333s with center coordinates: coordy and average color of clothing: [122.16730159 122.38380952 116.28984127] classified as color 
INFO:root:Found person at: 0m0.03333333333333333s with center coordinates: coordy and average color of clothing: [138.36735254 122.418107   112.71358025] classified as color 
INFO:root:Found person at: 0m0.2s with center coordinates: coordy and average color of clothing: [109.27185245 117.24137931 113.18684844] classified as color 
INFO:root:Found person at: 0m0.23333333333333334s with center coordinates: coordy and average color of clothing: [90.18988715 88.93402778 83.96223958] classified as color 
INFO:root:Found person at: 0m0.9333333333333333s with center coordinates: coordy and average color of clothing: [120.09968171 121.22540509 116.95066551] classified as color 
INFO:root:Person of ID: 0 disappeared
INFO:root:Person of ID: 4 disappeared
INFO:root:Found person at: 0m7.8999999999999995s with center coordinates: coordy and average color of clothing: [104.94815668  98.93605991 114.12845622] classified as color 
INFO:root:Person of ID: 5 disappeared
INFO:root:Person of ID: 2 disappeared
INFO:root:Found person at: 0m10.766666666666666s with center coordinates: coordy and average color of clothing: [128.34739454 121.55624483 129.87551696] classified as color 
INFO:root:Person at: 0 with center coordinates: coordy and average color of clothing: [122.16730159 122.38380952 116.28984127] classified as color 
INFO:root:Person at: 0 with center coordinates: coordy and average color of clothing: [138.36735254 122.418107   112.71358025] classified as color 
INFO:root:Person at: 0 with center coordinates: coordy and average color of clothing: [109.27185245 117.24137931 113.18684844] classified as color 
INFO:root:Person at: 0 with center coordinates: coordy and average color of clothing: [90.18988715 88.93402778 83.96223958] classified as color 
INFO:root:Person at: 1 with center coordinates: coordy and average color of clothing: [120.09968171 121.22540509 116.95066551] classified as color 
INFO:root:Person of ID: 0 disappeared
INFO:root:Person of ID: 4 disappeared
INFO:root:Person at: 8 with center coordinates: coordy and average color of clothing: [104.94815668  98.93605991 114.12845622] classified as color 
INFO:root:Person of ID: 5 disappeared
INFO:root:Person of ID: 2 disappeared
INFO:root:Person at: 11 with center coordinates: coordy and average color of clothing: [128.34739454 121.55624483 129.87551696] classified as color 
INFO:root:Person found at: 0s with center coordinates: (243.0, 192.0) and average color of clothing: [122.16730159 122.38380952 116.28984127] classified as color 
INFO:root:Person found at: 0s with center coordinates: (95.5, 188.5) and average color of clothing: [138.36735254 122.418107   112.71358025] classified as color 
INFO:root:Person found at: 0s with center coordinates: (148.5, 155.0) and average color of clothing: [109.27185245 117.24137931 113.18684844] classified as color 
INFO:root:Person found at: 0s with center coordinates: (168.0, 247.0) and average color of clothing: [90.18988715 88.93402778 83.96223958] classified as color 
INFO:root:Person found at: 1s with center coordinates: (184.0, 260.5) and average color of clothing: [120.09968171 121.22540509 116.95066551] classified as color 
INFO:root:Person of ID: 0 disappeared
INFO:root:Person of ID: 4 disappeared
INFO:root:Person found at: 8s with center coordinates: (69.5, 173.5) and average color of clothing: [104.94815668  98.93605991 114.12845622] classified as color 
INFO:root:Person of ID: 5 disappeared
INFO:root:Person of ID: 2 disappeared
INFO:root:Person found at: 11s with center coordinates: (96.5, 169.5) and average color of clothing: [128.34739454 121.55624483 129.87551696] classified as color 
INFO:root:Person found at: 0s with center coordinates: (243.0, 192.0) and average color of clothing: [122.16730159 122.38380952 116.28984127] classified as color 
INFO:root:Person found at: 0s with center coordinates: (95.5, 188.5) and average color of clothing: [138.36735254 122.418107   112.71358025] classified as color 
INFO:root:Person found at: 0s with center coordinates: (148.5, 155.0) and average color of clothing: [109.27185245 117.24137931 113.18684844] classified as color 
INFO:root:Person found at: 0s with center coordinates: (168.0, 247.0) and average color of clothing: [90.18988715 88.93402778 83.96223958] classified as color 
INFO:root:Person found at: 1s with center coordinates: (184.0, 260.5) and average color of clothing: [120.09968171 121.22540509 116.95066551] classified as color 
INFO:root:Person of ID: 0 disappeared
INFO:root:Person of ID: 4 disappeared
INFO:root:Person found at: 8s with center coordinates: (69.5, 173.5) and average color of clothing: [104.94815668  98.93605991 114.12845622] classified as color 
INFO:root:Person of ID: 5 disappeared
INFO:root:Person of ID: 2 disappeared
INFO:root:Person found at: 11s with center coordinates: (96.5, 169.5) and average color of clothing: [128.34739454 121.55624483 129.87551696] classified as color 
